<?xml version="1.0" encoding="UTF-8"?>
<!-- Generated by org.testng.reporters.JUnitXMLReporter -->
<testsuite ignored="5" hostname="MdKhaja" failures="0" tests="1" name="Default test" time="1.678" errors="0" timestamp="2025-10-19T16:47:20 IST">
  <testcase classname="programs.EmployeesAPIS" name="getEmploees" time="0.355"/>
  <testcase classname="programs.EmployeesAPIS" name="gettingCreatedEmployeeDetails" time="0.0">
    <ignored/>
  </testcase> <!-- gettingCreatedEmployeeDetails -->
  <testcase classname="programs.EmployeesAPIS" name="deleteUpdatedEmployee" time="0.0">
    <ignored/>
  </testcase> <!-- deleteUpdatedEmployee -->
  <testcase classname="programs.EmployeesAPIS" name="updateEmployee" time="0.0">
    <ignored/>
  </testcase> <!-- updateEmployee -->
  <testcase classname="programs.EmployeesAPIS" name="createEmployee" time="0.0">
    <ignored/>
  </testcase> <!-- createEmployee -->
  <testcase classname="programs.EmployeesAPIS" name="gettingUpdatedEmployeeDetails" time="0.0">
    <ignored/>
  </testcase> <!-- gettingUpdatedEmployeeDetails -->
</testsuite> <!-- Default test -->
