<?xml version="1.0" encoding="UTF-8"?>
<!-- Generated by org.testng.reporters.JUnitXMLReporter -->
<testsuite ignored="0" hostname="MdKhaja" failures="0" tests="6" name="Test" time="2.716" errors="0" timestamp="2025-08-31T21:16:16 IST">
  <testcase classname="programs.EmployeesAPIS" name="getEmploees" time="0.176"/>
  <testcase classname="programs.EmployeesAPIS" name="createEmployee" time="0.26"/>
  <testcase classname="programs.EmployeesAPIS" name="gettingCreatedEmployeeDetails" time="0.038"/>
  <testcase classname="programs.EmployeesAPIS" name="updateEmployee" time="0.079"/>
  <testcase classname="programs.EmployeesAPIS" name="gettingUpdatedEmployeeDetails" time="0.22"/>
  <testcase classname="programs.EmployeesAPIS" name="deleteUpdatedEmployee" time="0.066"/>
</testsuite> <!-- Test -->
